# JRE version: Java(TM) SE Runtime Environment (8.0_181-b13) (build 1.8.0_181-b13)
# Java VM: Java HotSpot(TM) 64-Bit Server VM (25.181-b13 mixed mode windows-amd64 compressed oops)
Heap:
 PSYoungGen      total 217600K, used 23024K [0x000000076ae00000, 0x000000077a600000, 0x00000007c0000000)
  eden space 194560K, 0% used [0x000000076ae00000,0x000000076ae00000,0x0000000776c00000)
  from space 23040K, 99% used [0x0000000776c00000,0x000000077827c110,0x0000000778280000)
  to   space 26624K, 0% used [0x0000000778c00000,0x0000000778c00000,0x000000077a600000)
 ParOldGen       total 259584K, used 143745K [0x00000006c0a00000, 0x00000006d0780000, 0x000000076ae00000)
  object space 259584K, 55% used [0x00000006c0a00000,0x00000006c9660610,0x00000006d0780000)
 Metaspace       used 63711K, capacity 67782K, committed 67840K, reserved 1107968K
  class space    used 8771K, capacity 9706K, committed 9728K, reserved 1048576K
GC Heap History (10 events):
Event: 1194.696 GC heap after
Heap after GC invocations=442 (full 5):
 PSYoungGen      total 214528K, used 10192K [0x000000076ae00000, 0x0000000779300000, 0x00000007c0000000)
  eden space 196608K, 0% used [0x000000076ae00000,0x000000076ae00000,0x0000000776e00000)
  from space 17920K, 56% used [0x0000000776e00000,0x00000007777f4050,0x0000000777f80000)
  to   space 17920K, 0% used [0x0000000778180000,0x0000000778180000,0x0000000779300000)
 ParOldGen       total 259584K, used 128869K [0x00000006c0a00000, 0x00000006d0780000, 0x000000076ae00000)
  object space 259584K, 49% used [0x00000006c0a00000,0x00000006c87d9560,0x00000006d0780000)
 Metaspace       used 63708K, capacity 67776K, committed 67840K, reserved 1107968K
  class space    used 8771K, capacity 9704K, committed 9728K, reserved 1048576K
}
Event: 1199.789 GC heap before
{Heap before GC invocations=443 (full 5):
 PSYoungGen      total 214528K, used 206800K [0x000000076ae00000, 0x0000000779300000, 0x00000007c0000000)
  eden space 196608K, 100% used [0x000000076ae00000,0x0000000776e00000,0x0000000776e00000)
  from space 17920K, 56% used [0x0000000776e00000,0x00000007777f4050,0x0000000777f80000)
  to   space 17920K, 0% used [0x0000000778180000,0x0000000778180000,0x0000000779300000)
 ParOldGen       total 259584K, used 128869K [0x00000006c0a00000, 0x00000006d0780000, 0x000000076ae00000)
  object space 259584K, 49% used [0x00000006c0a00000,0x00000006c87d9560,0x00000006d0780000)
 Metaspace       used 63708K, capacity 67776K, committed 67840K, reserved 1107968K
  class space    used 8771K, capacity 9704K, committed 9728K, reserved 1048576K
Event: 1199.792 GC heap after
Heap after GC invocations=443 (full 5):
 PSYoungGen      total 215552K, used 10448K [0x000000076ae00000, 0x0000000779200000, 0x00000007c0000000)
  eden space 198656K, 0% used [0x000000076ae00000,0x000000076ae00000,0x0000000777000000)
  from space 16896K, 61% used [0x0000000778180000,0x0000000778bb4060,0x0000000779200000)
  to   space 17408K, 0% used [0x0000000777000000,0x0000000777000000,0x0000000778100000)
 ParOldGen       total 259584K, used 128869K [0x00000006c0a00000, 0x00000006d0780000, 0x000000076ae00000)
  object space 259584K, 49% used [0x00000006c0a00000,0x00000006c87d9560,0x00000006d0780000)
 Metaspace       used 63708K, capacity 67776K, committed 67840K, reserved 1107968K
  class space    used 8771K, capacity 9704K, committed 9728K, reserved 1048576K
}
Event: 1204.662 GC heap before
{Heap before GC invocations=444 (full 5):
 PSYoungGen      total 215552K, used 209104K [0x000000076ae00000, 0x0000000779200000, 0x00000007c0000000)
  eden space 198656K, 100% used [0x000000076ae00000,0x0000000777000000,0x0000000777000000)
  from space 16896K, 61% used [0x0000000778180000,0x0000000778bb4060,0x0000000779200000)
  to   space 17408K, 0% used [0x0000000777000000,0x0000000777000000,0x0000000778100000)
 ParOldGen       total 259584K, used 128869K [0x00000006c0a00000, 0x00000006d0780000, 0x000000076ae00000)
  object space 259584K, 49% used [0x00000006c0a00000,0x00000006c87d9560,0x00000006d0780000)
 Metaspace       used 63708K, capacity 67776K, committed 67840K, reserved 1107968K
  class space    used 8771K, capacity 9704K, committed 9728K, reserved 1048576K
Event: 1204.666 GC heap after
Heap after GC invocations=444 (full 5):
 PSYoungGen      total 216064K, used 12064K [0x000000076ae00000, 0x0000000779300000, 0x00000007c0000000)
  eden space 198656K, 0% used [0x000000076ae00000,0x000000076ae00000,0x0000000777000000)
  from space 17408K, 69% used [0x0000000777000000,0x0000000777bc8070,0x0000000778100000)
  to   space 16896K, 0% used [0x0000000778280000,0x0000000778280000,0x0000000779300000)
 ParOldGen       total 259584K, used 128869K [0x00000006c0a00000, 0x00000006d0780000, 0x000000076ae00000)
  object space 259584K, 49% used [0x00000006c0a00000,0x00000006c87d9560,0x00000006d0780000)
 Metaspace       used 63708K, capacity 67776K, committed 67840K, reserved 1107968K
  class space    used 8771K, capacity 9704K, committed 9728K, reserved 1048576K
}
Event: 1211.777 GC heap before
{Heap before GC invocations=445 (full 5):
 PSYoungGen      total 216064K, used 210720K [0x000000076ae00000, 0x0000000779300000, 0x00000007c0000000)
  eden space 198656K, 100% used [0x000000076ae00000,0x0000000777000000,0x0000000777000000)
  from space 17408K, 69% used [0x0000000777000000,0x0000000777bc8070,0x0000000778100000)
  to   space 16896K, 0% used [0x0000000778280000,0x0000000778280000,0x0000000779300000)
 ParOldGen       total 259584K, used 128869K [0x00000006c0a00000, 0x00000006d0780000, 0x000000076ae00000)
  object space 259584K, 49% used [0x00000006c0a00000,0x00000006c87d9560,0x00000006d0780000)
 Metaspace       used 63708K, capacity 67776K, committed 67840K, reserved 1107968K
  class space    used 8771K, capacity 9704K, committed 9728K, reserved 1048576K
Event: 1211.784 GC heap after
Heap after GC invocations=445 (full 5):
 PSYoungGen      total 211456K, used 16864K [0x000000076ae00000, 0x0000000779f00000, 0x00000007c0000000)
  eden space 194560K, 0% used [0x000000076ae00000,0x000000076ae00000,0x0000000776c00000)
  from space 16896K, 99% used [0x0000000778280000,0x00000007792f80c0,0x0000000779300000)
  to   space 23040K, 0% used [0x0000000776c00000,0x0000000776c00000,0x0000000778280000)
 ParOldGen       total 259584K, used 140649K [0x00000006c0a00000, 0x00000006d0780000, 0x000000076ae00000)
  object space 259584K, 54% used [0x00000006c0a00000,0x00000006c935a610,0x00000006d0780000)
 Metaspace       used 63708K, capacity 67776K, committed 67840K, reserved 1107968K
  class space    used 8771K, capacity 9704K, committed 9728K, reserved 1048576K
}
Event: 1214.718 GC heap before
{Heap before GC invocations=446 (full 5):
 PSYoungGen      total 211456K, used 165546K [0x000000076ae00000, 0x0000000779f00000, 0x00000007c0000000)
  eden space 194560K, 76% used [0x000000076ae00000,0x0000000773f32a10,0x0000000776c00000)
  from space 16896K, 99% used [0x0000000778280000,0x00000007792f80c0,0x0000000779300000)
  to   space 23040K, 0% used [0x0000000776c00000,0x0000000776c00000,0x0000000778280000)
 ParOldGen       total 259584K, used 140649K [0x00000006c0a00000, 0x00000006d0780000, 0x000000076ae00000)
  object space 259584K, 54% used [0x00000006c0a00000,0x00000006c935a610,0x00000006d0780000)
 Metaspace       used 63711K, capacity 67782K, committed 67840K, reserved 1107968K
  class space    used 8771K, capacity 9706K, committed 9728K, reserved 1048576K
Event: 1214.724 GC heap after
Heap after GC invocations=446 (full 5):
 PSYoungGen      total 217600K, used 23024K [0x000000076ae00000, 0x000000077a600000, 0x00000007c0000000)
  eden space 194560K, 0% used [0x000000076ae00000,0x000000076ae00000,0x0000000776c00000)
  from space 23040K, 99% used [0x0000000776c00000,0x000000077827c110,0x0000000778280000)
  to   space 26624K, 0% used [0x0000000778c00000,0x0000000778c00000,0x000000077a600000)
 ParOldGen       total 259584K, used 143745K [0x00000006c0a00000, 0x00000006d0780000, 0x000000076ae00000)
  object space 259584K, 55% used [0x00000006c0a00000,0x00000006c9660610,0x00000006d0780000)
 Metaspace       used 63711K, capacity 67782K, committed 67840K, reserved 1107968K
  class space    used 8771K, capacity 9706K, committed 9728K, reserved 1048576K
}
Event: 1214.724 GC heap before
{Heap before GC invocations=447 (full 6):
 PSYoungGen      total 217600K, used 23024K [0x000000076ae00000, 0x000000077a600000, 0x00000007c0000000)
  eden space 194560K, 0% used [0x000000076ae00000,0x000000076ae00000,0x0000000776c00000)
  from space 23040K, 99% used [0x0000000776c00000,0x000000077827c110,0x0000000778280000)
  to   space 26624K, 0% used [0x0000000778c00000,0x0000000778c00000,0x000000077a600000)
 ParOldGen       total 259584K, used 143745K [0x00000006c0a00000, 0x00000006d0780000, 0x000000076ae00000)
  object space 259584K, 55% used [0x00000006c0a00000,0x00000006c9660610,0x00000006d0780000)
 Metaspace       used 63711K, capacity 67782K, committed 67840K, reserved 1107968K
  class space    used 8771K, capacity 9706K, committed 9728K, reserved 1048576K

